Using pre-set license
Built from '6000.0/staging' branch; Version is '6000.0.27f1 (27c554a2199c) revision 2606420'; Using compiler version '193933523'; Build Type 'Release'
OS: 'Windows 11  (10.0.26100) 64bit Professional' Language: 'tr' Physical Memory: 16128 MB
BatchMode: 1, IsHumanControllingUs: 0, StartBugReporterOnCrash: 0, Is64bit: 1, IsPro: 1

COMMAND LINE ARGUMENTS:
C:\Program Files\Unity\Hub\Editor\6000.0.27f1\Editor\Unity.exe
-adb2
-batchMode
-noUpm
-name
AssetImportWorker2
-projectPath
C:/Users/GoGo/Desktop/bakircay-2024-gd-210601030_final-main/f覺nalgame
-logFile
Logs/AssetImportWorker2.log
-srvPort
53557
-job-worker-count
9
-background-job-worker-count
8
-asset-garbage-collectors
1
Successfully changed project path to: C:/Users/GoGo/Desktop/bakircay-2024-gd-210601030_final-main/f覺nalgame
C:/Users/GoGo/Desktop/bakircay-2024-gd-210601030_final-main/f覺nalgame
[UnityMemory] Configuration Parameters - Can be set up in boot.config
    "memorysetup-bucket-allocator-granularity=16"
    "memorysetup-bucket-allocator-bucket-count=8"
    "memorysetup-bucket-allocator-block-size=33554432"
    "memorysetup-bucket-allocator-block-count=8"
    "memorysetup-main-allocator-block-size=16777216"
    "memorysetup-thread-allocator-block-size=16777216"
    "memorysetup-gfx-main-allocator-block-size=16777216"
    "memorysetup-gfx-thread-allocator-block-size=16777216"
    "memorysetup-cache-allocator-block-size=4194304"
    "memorysetup-typetree-allocator-block-size=2097152"
    "memorysetup-profiler-bucket-allocator-granularity=16"
    "memorysetup-profiler-bucket-allocator-bucket-count=8"
    "memorysetup-profiler-bucket-allocator-block-size=33554432"
    "memorysetup-profiler-bucket-allocator-block-count=8"
    "memorysetup-profiler-allocator-block-size=16777216"
    "memorysetup-profiler-editor-allocator-block-size=1048576"
    "memorysetup-temp-allocator-size-main=16777216"
    "memorysetup-job-temp-allocator-block-size=2097152"
    "memorysetup-job-temp-allocator-block-size-background=1048576"
    "memorysetup-job-temp-allocator-reduction-small-platforms=262144"
    "memorysetup-allocator-temp-initial-block-size-main=262144"
    "memorysetup-allocator-temp-initial-block-size-worker=262144"
    "memorysetup-temp-allocator-size-background-worker=32768"
    "memorysetup-temp-allocator-size-job-worker=262144"
    "memorysetup-temp-allocator-size-preload-manager=33554432"
    "memorysetup-temp-allocator-size-nav-mesh-worker=65536"
    "memorysetup-temp-allocator-size-audio-worker=65536"
    "memorysetup-temp-allocator-size-cloud-worker=32768"
    "memorysetup-temp-allocator-size-gi-baking-worker=262144"
    "memorysetup-temp-allocator-size-gi-baking-worker=262144"
    "memorysetup-temp-allocator-size-gi-baking-worker=262144"
    "memorysetup-temp-allocator-size-gi-baking-worker=262144"
    "memorysetup-temp-allocator-size-gi-baking-worker=262144"
    "memorysetup-temp-allocator-size-gfx=262144"
Player connection [21096]  Target information:

Player connection [21096]  * "[IP] 192.168.1.117 [Port] 0 [Flags] 2 [Guid] 2162016072 [EditorId] 2162016072 [Version] 1048832 [Id] WindowsEditor(7,GoGo) [Debug] 1 [PackageName] WindowsEditor [ProjectName] Editor" 

Player connection [21096] Host joined multi-casting on [225.0.0.222:54997]...
Player connection [21096] Host joined alternative multi-casting on [225.0.0.222:34997]...
JobSystem: Creating JobQueue using job-worker-count value 9
[Physics::Module] Initialized fallback backend.
[Physics::Module] Id: 0xdecafbad
Library Redirect Path: Library/
[Physics::Module] Selected backend.
[Physics::Module] Name: PhysX
[Physics::Module] Id: 0xf2b8ea05
[Physics::Module] SDK Version: 4.1.2
[Physics::Module] Integration Version: 1.0.0
[Physics::Module] Threading Mode: Multi-Threaded
Refreshing native plugins compatible for Editor in 2.55 ms, found 3 plugins.
Preloading 0 native plugins for Editor in 0.00 ms.
Initialize engine version: 6000.0.27f1 (27c554a2199c)
[Subsystems] Discovering subsystems at path C:/Program Files/Unity/Hub/Editor/6000.0.27f1/Editor/Data/Resources/UnitySubsystems
[Subsystems] Discovering subsystems at path C:/Users/GoGo/Desktop/bakircay-2024-gd-210601030_final-main/f覺nalgame/Assets
GfxDevice: creating device client; kGfxThreadingModeNonThreaded
Direct3D:
    Version:  Direct3D 11.0 [level 11.1]
    Renderer: NVIDIA GeForce RTX 3060 Laptop GPU (ID=0x2520)
    Vendor:   NVIDIA
    VRAM:     5996 MB
    Driver:   31.0.15.5244
Initialize mono
Mono path[0] = 'C:/Program Files/Unity/Hub/Editor/6000.0.27f1/Editor/Data/Managed'
Mono path[1] = 'C:/Program Files/Unity/Hub/Editor/6000.0.27f1/Editor/Data/MonoBleedingEdge/lib/mono/unityjit-win32'
Mono config path = 'C:/Program Files/Unity/Hub/Editor/6000.0.27f1/Editor/Data/MonoBleedingEdge/etc'
Using monoOptions --debugger-agent=transport=dt_socket,embedding=1,server=y,suspend=n,address=127.0.0.1:56212
Begin MonoManager ReloadAssembly
Registering precompiled unity dll's ...
Register platform support module: C:/Program Files/Unity/Hub/Editor/6000.0.27f1/Editor/Data/PlaybackEngines/WebGLSupport/UnityEditor.WebGL.Extensions.dll
Register platform support module: C:/Program Files/Unity/Hub/Editor/6000.0.27f1/Editor/Data/PlaybackEngines/WindowsStandaloneSupport/UnityEditor.WindowsStandalone.Extensions.dll
Registered in 0.003708 seconds.
- Loaded All Assemblies, in  0.456 seconds
Native extension for WindowsStandalone target not found
Native extension for WebGL target not found
Mono: successfully reloaded assembly
- Finished resetting the current domain, in  0.501 seconds
Domain Reload Profiling: 956ms
	BeginReloadAssembly (165ms)
		ExecutionOrderSort (0ms)
		DisableScriptedObjects (0ms)
		BackupInstance (0ms)
		ReleaseScriptingObjects (0ms)
		CreateAndSetChildDomain (1ms)
	RebuildCommonClasses (42ms)
	RebuildNativeTypeToScriptingClass (13ms)
	initialDomainReloadingComplete (61ms)
	LoadAllAssembliesAndSetupDomain (174ms)
		LoadAssemblies (163ms)
		RebuildTransferFunctionScriptingTraits (0ms)
		AnalyzeDomain (170ms)
			TypeCache.Refresh (169ms)
				TypeCache.ScanAssembly (155ms)
			BuildScriptInfoCaches (0ms)
			ResolveRequiredComponents (1ms)
	FinalizeReload (502ms)
		ReleaseScriptCaches (0ms)
		RebuildScriptCaches (0ms)
		SetupLoadedEditorAssemblies (452ms)
			LogAssemblyErrors (0ms)
			InitializePlatformSupportModulesInManaged (32ms)
			SetLoadedEditorAssemblies (5ms)
			BeforeProcessingInitializeOnLoad (8ms)
			ProcessInitializeOnLoadAttributes (303ms)
			ProcessInitializeOnLoadMethodAttributes (101ms)
			AfterProcessingInitializeOnLoad (3ms)
			EditorAssembliesLoaded (0ms)
		ExecutionOrderSort2 (0ms)
		AwakeInstancesAfterBackupRestoration (0ms)
========================================================================
Worker process is ready to serve import requests
Import Worker Mode flag is 0x00
Begin MonoManager ReloadAssembly
- Loaded All Assemblies, in  1.291 seconds
Refreshing native plugins compatible for Editor in 1.20 ms, found 3 plugins.
Native extension for WindowsStandalone target not found
Native extension for WebGL target not found
Mono: successfully reloaded assembly
- Finished resetting the current domain, in  1.160 seconds
Domain Reload Profiling: 2446ms
	BeginReloadAssembly (495ms)
		ExecutionOrderSort (0ms)
		DisableScriptedObjects (6ms)
		BackupInstance (0ms)
		ReleaseScriptingObjects (0ms)
		CreateAndSetChildDomain (37ms)
	RebuildCommonClasses (51ms)
	RebuildNativeTypeToScriptingClass (14ms)
	initialDomainReloadingComplete (45ms)
	LoadAllAssembliesAndSetupDomain (681ms)
		LoadAssemblies (493ms)
		RebuildTransferFunctionScriptingTraits (0ms)
		AnalyzeDomain (332ms)
			TypeCache.Refresh (217ms)
				TypeCache.ScanAssembly (195ms)
			BuildScriptInfoCaches (100ms)
			ResolveRequiredComponents (11ms)
	FinalizeReload (1161ms)
		ReleaseScriptCaches (0ms)
		RebuildScriptCaches (0ms)
		SetupLoadedEditorAssemblies (832ms)
			LogAssemblyErrors (0ms)
			InitializePlatformSupportModulesInManaged (4ms)
			SetLoadedEditorAssemblies (5ms)
			BeforeProcessingInitializeOnLoad (102ms)
			ProcessInitializeOnLoadAttributes (619ms)
			ProcessInitializeOnLoadMethodAttributes (93ms)
			AfterProcessingInitializeOnLoad (9ms)
			EditorAssembliesLoaded (0ms)
		ExecutionOrderSort2 (0ms)
		AwakeInstancesAfterBackupRestoration (12ms)
Launched and connected shader compiler UnityShaderCompiler.exe after 0.02 seconds
Refreshing native plugins compatible for Editor in 0.84 ms, found 3 plugins.
Preloading 0 native plugins for Editor in 0.00 ms.
Unloading 251 Unused Serialized files (Serialized files now loaded: 0)
Unloading 6056 unused Assets / (6.2 MB). Loaded Objects now: 6854.
Memory consumption went from 203.4 MB to 197.2 MB.
Total: 11.534100 ms (FindLiveObjects: 1.054100 ms CreateObjectMapping: 0.551100 ms MarkObjects: 7.327100 ms  DeleteObjects: 2.597800 ms)

========================================================================
Received Import Request.
  Time since last request: 46509.704079 seconds.
  path: Assets/Prefabs/icecream.prefab
  artifactKey: Guid(5fdee53209930423895940c6cf95c13b) Importer(815301076,1909f56bfc062723c751e8b465ee728b)
Start importing Assets/Prefabs/icecream.prefab using Guid(5fdee53209930423895940c6cf95c13b) Importer(815301076,1909f56bfc062723c751e8b465ee728b) (PreviewImporter) -> (artifact id: 'c385d0acf9774048e037b072e71d15d6') in 0.7552129 seconds
Number of updated asset objects reloaded before import = 0Number of asset objects unloaded after import = 19

========================================================================
Received Import Request.
  Time since last request: 0.000104 seconds.
  path: Assets/Low-Poly_Objects_Pack/Prefabs
  artifactKey: Guid(6c5665092cee25a45b12354219b6db1d) Importer(815301076,1909f56bfc062723c751e8b465ee728b)
Start importing Assets/Low-Poly_Objects_Pack/Prefabs using Guid(6c5665092cee25a45b12354219b6db1d) Importer(815301076,1909f56bfc062723c751e8b465ee728b) (PreviewImporter) -> (artifact id: '16038193af67ab54e8d91c469266c677') in 0.0008534 seconds
Number of updated asset objects reloaded before import = 0Number of asset objects unloaded after import = 0

========================================================================
Received Import Request.
  Time since last request: 0.000110 seconds.
  path: Assets/Low-Poly_Objects_Pack/Prefabs/URP
  artifactKey: Guid(e5d738c2d49693248a9efac3012041fc) Importer(815301076,1909f56bfc062723c751e8b465ee728b)
Start importing Assets/Low-Poly_Objects_Pack/Prefabs/URP using Guid(e5d738c2d49693248a9efac3012041fc) Importer(815301076,1909f56bfc062723c751e8b465ee728b) (PreviewImporter) -> (artifact id: '2624649313bd9af5d5955eeb06fd5ee9') in 0.000744 seconds
Number of updated asset objects reloaded before import = 0Number of asset objects unloaded after import = 0

========================================================================
Received Import Request.
  Time since last request: 0.000032 seconds.
  path: Assets/Prefabs/onion.prefab
  artifactKey: Guid(9845f37b88d6a452eb95efb903d1e186) Importer(815301076,1909f56bfc062723c751e8b465ee728b)
Start importing Assets/Prefabs/onion.prefab using Guid(9845f37b88d6a452eb95efb903d1e186) Importer(815301076,1909f56bfc062723c751e8b465ee728b) (PreviewImporter) -> (artifact id: 'cc9e0048f41d649e1cf3b3a6c54d5b54') in 0.0355083 seconds
Number of updated asset objects reloaded before import = 0Number of asset objects unloaded after import = 19

========================================================================
Received Import Request.
  Time since last request: 0.000029 seconds.
  path: Assets/Low-Poly_Objects_Pack/Prefabs/URP/telescopic_ladder.prefab
  artifactKey: Guid(1c0565bbac7a4404db42942a3b1a4c9b) Importer(815301076,1909f56bfc062723c751e8b465ee728b)
Start importing Assets/Low-Poly_Objects_Pack/Prefabs/URP/telescopic_ladder.prefab using Guid(1c0565bbac7a4404db42942a3b1a4c9b) Importer(815301076,1909f56bfc062723c751e8b465ee728b) (PreviewImporter) -> (artifact id: 'a2ae6cb30cbca5c9e2379518691e8d08') in 2.9933112 seconds
Number of updated asset objects reloaded before import = 0Number of asset objects unloaded after import = 16

========================================================================
Received Import Request.
  Time since last request: 0.000049 seconds.
  path: Assets/Prefabs/garlic.prefab
  artifactKey: Guid(a391ba9ffad124c989b18e0f6b119240) Importer(815301076,1909f56bfc062723c751e8b465ee728b)
Start importing Assets/Prefabs/garlic.prefab using Guid(a391ba9ffad124c989b18e0f6b119240) Importer(815301076,1909f56bfc062723c751e8b465ee728b) (PreviewImporter) -> (artifact id: '362ca766305c2dd3b8e0b18c309810e3') in 0.0252688 seconds
Number of updated asset objects reloaded before import = 0Number of asset objects unloaded after import = 19

========================================================================
Received Import Request.
  Time since last request: 0.000047 seconds.
  path: Assets/Low-Poly_Objects_Pack/Prefabs/URP/dynamite.prefab
  artifactKey: Guid(ed7b7ff0ba424be4cad06ee3a799fdc8) Importer(815301076,1909f56bfc062723c751e8b465ee728b)
Start importing Assets/Low-Poly_Objects_Pack/Prefabs/URP/dynamite.prefab using Guid(ed7b7ff0ba424be4cad06ee3a799fdc8) Importer(815301076,1909f56bfc062723c751e8b465ee728b) (PreviewImporter) -> (artifact id: '04346b35c65ee702eeb5553ec7567758') in 0.0400919 seconds
Number of updated asset objects reloaded before import = 0Number of asset objects unloaded after import = 17

========================================================================
Received Import Request.
  Time since last request: 0.000027 seconds.
  path: Assets/Low-Poly_Objects_Pack/Prefabs/URP/tape.prefab
  artifactKey: Guid(6cf404951378c774aaf281f9688c65fa) Importer(815301076,1909f56bfc062723c751e8b465ee728b)
Start importing Assets/Low-Poly_Objects_Pack/Prefabs/URP/tape.prefab using Guid(6cf404951378c774aaf281f9688c65fa) Importer(815301076,1909f56bfc062723c751e8b465ee728b) (PreviewImporter) -> (artifact id: 'c636382af44ec3b9267c521ac50a6440') in 0.0287778 seconds
Number of updated asset objects reloaded before import = 0Number of asset objects unloaded after import = 17

========================================================================
Received Import Request.
  Time since last request: 0.000037 seconds.
  path: Assets/Low-Poly_Objects_Pack/Prefabs/URP/bowl.prefab
  artifactKey: Guid(2b5684b36636e3947ba657269d00571a) Importer(815301076,1909f56bfc062723c751e8b465ee728b)
Start importing Assets/Low-Poly_Objects_Pack/Prefabs/URP/bowl.prefab using Guid(2b5684b36636e3947ba657269d00571a) Importer(815301076,1909f56bfc062723c751e8b465ee728b) (PreviewImporter) -> (artifact id: '7752da031426ec8bc079041c9ce9a112') in 0.0270629 seconds
Number of updated asset objects reloaded before import = 0Number of asset objects unloaded after import = 17

========================================================================
Received Import Request.
  Time since last request: 0.000034 seconds.
  path: Assets/Low-Poly_Objects_Pack/Prefabs/URP/piggy_bank.prefab
  artifactKey: Guid(fa3df6b70bf478341a9954cb362b45b1) Importer(815301076,1909f56bfc062723c751e8b465ee728b)
Start importing Assets/Low-Poly_Objects_Pack/Prefabs/URP/piggy_bank.prefab using Guid(fa3df6b70bf478341a9954cb362b45b1) Importer(815301076,1909f56bfc062723c751e8b465ee728b) (PreviewImporter) -> (artifact id: '9c14699822338724049f472a1dc88a19') in 0.0275636 seconds
Number of updated asset objects reloaded before import = 0Number of asset objects unloaded after import = 17

========================================================================
Received Import Request.
  Time since last request: 0.000029 seconds.
  path: Assets/Low-Poly_Objects_Pack/Prefabs/URP/hat.prefab
  artifactKey: Guid(679aa667854bc994ba1f0d7669e8427a) Importer(815301076,1909f56bfc062723c751e8b465ee728b)
Start importing Assets/Low-Poly_Objects_Pack/Prefabs/URP/hat.prefab using Guid(679aa667854bc994ba1f0d7669e8427a) Importer(815301076,1909f56bfc062723c751e8b465ee728b) (PreviewImporter) -> (artifact id: '458294c152d94f723fa2d6bbee80b73d') in 0.0258832 seconds
Number of updated asset objects reloaded before import = 0Number of asset objects unloaded after import = 17

========================================================================
Received Import Request.
  Time since last request: 0.000070 seconds.
  path: Assets/Low-Poly_Objects_Pack/Prefabs/URP/crown.prefab
  artifactKey: Guid(9b615b4df41053a42a407d386b2241b4) Importer(815301076,1909f56bfc062723c751e8b465ee728b)
Start importing Assets/Low-Poly_Objects_Pack/Prefabs/URP/crown.prefab using Guid(9b615b4df41053a42a407d386b2241b4) Importer(815301076,1909f56bfc062723c751e8b465ee728b) (PreviewImporter) -> (artifact id: '377f43290d4a94363f15b994a874913a') in 0.0262818 seconds
Number of updated asset objects reloaded before import = 0Number of asset objects unloaded after import = 17

========================================================================
Received Import Request.
  Time since last request: 0.000026 seconds.
  path: Assets/Low-Poly_Objects_Pack/Prefabs/URP/soccer_boot.prefab
  artifactKey: Guid(88683d6455d51c44f90f270920ec4b9d) Importer(815301076,1909f56bfc062723c751e8b465ee728b)
Start importing Assets/Low-Poly_Objects_Pack/Prefabs/URP/soccer_boot.prefab using Guid(88683d6455d51c44f90f270920ec4b9d) Importer(815301076,1909f56bfc062723c751e8b465ee728b) (PreviewImporter) -> (artifact id: 'ab4bd642a2a1b41ec18ef3a4c7ae7a69') in 0.0251208 seconds
Number of updated asset objects reloaded before import = 0Number of asset objects unloaded after import = 17

========================================================================
Received Import Request.
  Time since last request: 0.000065 seconds.
  path: Assets/Low-Poly_Objects_Pack/Prefabs/URP/baby_rake.prefab
  artifactKey: Guid(0fa1095036719604a8aa11dfccef3fde) Importer(815301076,1909f56bfc062723c751e8b465ee728b)
Start importing Assets/Low-Poly_Objects_Pack/Prefabs/URP/baby_rake.prefab using Guid(0fa1095036719604a8aa11dfccef3fde) Importer(815301076,1909f56bfc062723c751e8b465ee728b) (PreviewImporter) -> (artifact id: '21dfb831374cef1bc5909c181490ea2e') in 0.0230492 seconds
Number of updated asset objects reloaded before import = 0Number of asset objects unloaded after import = 17

========================================================================
Received Import Request.
  Time since last request: 0.000024 seconds.
  path: Assets/Low-Poly_Objects_Pack/Prefabs/URP/water_mine.prefab
  artifactKey: Guid(ae781f9bbfbba244292c5faa5115e1e4) Importer(815301076,1909f56bfc062723c751e8b465ee728b)
Start importing Assets/Low-Poly_Objects_Pack/Prefabs/URP/water_mine.prefab using Guid(ae781f9bbfbba244292c5faa5115e1e4) Importer(815301076,1909f56bfc062723c751e8b465ee728b) (PreviewImporter) -> (artifact id: 'af8b281fdf6704d485537781af5fc849') in 0.0308826 seconds
Number of updated asset objects reloaded before import = 0Number of asset objects unloaded after import = 17

========================================================================
Received Import Request.
  Time since last request: 14.289473 seconds.
  path: Assets/Low-Poly_Objects_Pack/Prefabs/Colliders/baby_rake_collider.prefab
  artifactKey: Guid(f5f61c84793c1564ea43df6fdde11faf) Importer(815301076,1909f56bfc062723c751e8b465ee728b)
Start importing Assets/Low-Poly_Objects_Pack/Prefabs/Colliders/baby_rake_collider.prefab using Guid(f5f61c84793c1564ea43df6fdde11faf) Importer(815301076,1909f56bfc062723c751e8b465ee728b) (PreviewImporter) -> (artifact id: 'be4a6d5020eb830812a7d41728ce8412') in 0.0319009 seconds
Number of updated asset objects reloaded before import = 0Number of asset objects unloaded after import = 14

========================================================================
Received Import Request.
  Time since last request: 0.000086 seconds.
  path: Assets/Low-Poly_Objects_Pack/Prefabs/Colliders/water_mine_collider.prefab
  artifactKey: Guid(afe2df619f1e4c14aac0a5849477ad92) Importer(815301076,1909f56bfc062723c751e8b465ee728b)
Start importing Assets/Low-Poly_Objects_Pack/Prefabs/Colliders/water_mine_collider.prefab using Guid(afe2df619f1e4c14aac0a5849477ad92) Importer(815301076,1909f56bfc062723c751e8b465ee728b) (PreviewImporter) -> (artifact id: 'bf9921c68969189bb7d000450fa2a137') in 0.0314305 seconds
Number of updated asset objects reloaded before import = 0Number of asset objects unloaded after import = 14

========================================================================
Received Import Request.
  Time since last request: 0.000026 seconds.
  path: Assets/Low-Poly_Objects_Pack/Prefabs/Colliders/hat_collider.prefab
  artifactKey: Guid(495bbdf71d7f7c244a138c3800f4f458) Importer(815301076,1909f56bfc062723c751e8b465ee728b)
Start importing Assets/Low-Poly_Objects_Pack/Prefabs/Colliders/hat_collider.prefab using Guid(495bbdf71d7f7c244a138c3800f4f458) Importer(815301076,1909f56bfc062723c751e8b465ee728b) (PreviewImporter) -> (artifact id: 'b323bacf866e4ee6d1079ed94b77e93c') in 0.0265742 seconds
Number of updated asset objects reloaded before import = 0Number of asset objects unloaded after import = 14

========================================================================
Received Import Request.
  Time since last request: 0.000026 seconds.
  path: Assets/Low-Poly_Objects_Pack/Prefabs/Colliders/pot_collider.prefab
  artifactKey: Guid(5b3c7f8004eea1440bdd4e1fd7e45514) Importer(815301076,1909f56bfc062723c751e8b465ee728b)
Start importing Assets/Low-Poly_Objects_Pack/Prefabs/Colliders/pot_collider.prefab using Guid(5b3c7f8004eea1440bdd4e1fd7e45514) Importer(815301076,1909f56bfc062723c751e8b465ee728b) (PreviewImporter) -> (artifact id: '70dc41d5163b166e83d1877d9510389b') in 0.0280889 seconds
Number of updated asset objects reloaded before import = 0Number of asset objects unloaded after import = 14

========================================================================
Received Import Request.
  Time since last request: 0.000025 seconds.
  path: Assets/Low-Poly_Objects_Pack/Prefabs/Colliders/piggy_bank_collider.prefab
  artifactKey: Guid(2ecec2cb78348f646835f6be4e546aab) Importer(815301076,1909f56bfc062723c751e8b465ee728b)
Start importing Assets/Low-Poly_Objects_Pack/Prefabs/Colliders/piggy_bank_collider.prefab using Guid(2ecec2cb78348f646835f6be4e546aab) Importer(815301076,1909f56bfc062723c751e8b465ee728b) (PreviewImporter) -> (artifact id: '38706c9867ba26b8e85089cd36af9ca7') in 0.0358074 seconds
Number of updated asset objects reloaded before import = 0Number of asset objects unloaded after import = 14

========================================================================
Received Import Request.
  Time since last request: 0.789693 seconds.
  path: Assets/Low-Poly_Objects_Pack/Prefabs/Built-in/baby_rake.prefab
  artifactKey: Guid(7fa9977163867d34fb529e514deb20a7) Importer(815301076,1909f56bfc062723c751e8b465ee728b)
Start importing Assets/Low-Poly_Objects_Pack/Prefabs/Built-in/baby_rake.prefab using Guid(7fa9977163867d34fb529e514deb20a7) Importer(815301076,1909f56bfc062723c751e8b465ee728b) (PreviewImporter) -> (artifact id: '5fdc848b97eba6bff1dceafb234c4d90') in 0.0433806 seconds
Number of updated asset objects reloaded before import = 0Number of asset objects unloaded after import = 16

========================================================================
Received Import Request.
  Time since last request: 0.000021 seconds.
  path: Assets/Low-Poly_Objects_Pack/Prefabs/Built-in/telescopic_ladder.prefab
  artifactKey: Guid(39f308fcce348b44b93e5e25d07e7a97) Importer(815301076,1909f56bfc062723c751e8b465ee728b)
Start importing Assets/Low-Poly_Objects_Pack/Prefabs/Built-in/telescopic_ladder.prefab using Guid(39f308fcce348b44b93e5e25d07e7a97) Importer(815301076,1909f56bfc062723c751e8b465ee728b) (PreviewImporter) -> (artifact id: 'ad2da35c778a3fe958a7ec4dd23e97fe') in 0.0183548 seconds
Number of updated asset objects reloaded before import = 0Number of asset objects unloaded after import = 15

========================================================================
Received Import Request.
  Time since last request: 0.000036 seconds.
  path: Assets/Low-Poly_Objects_Pack/Prefabs/Built-in/symbol_-.prefab
  artifactKey: Guid(63f0b3be6d0971c4285ec8c70b592a34) Importer(815301076,1909f56bfc062723c751e8b465ee728b)
Start importing Assets/Low-Poly_Objects_Pack/Prefabs/Built-in/symbol_-.prefab using Guid(63f0b3be6d0971c4285ec8c70b592a34) Importer(815301076,1909f56bfc062723c751e8b465ee728b) (PreviewImporter) -> (artifact id: '56eb6d0186b2119beef9dffb70d44afc') in 0.0195155 seconds
Number of updated asset objects reloaded before import = 0Number of asset objects unloaded after import = 15

========================================================================
Received Import Request.
  Time since last request: 0.000025 seconds.
  path: Assets/Low-Poly_Objects_Pack/Prefabs/Built-in/symbol_+.prefab
  artifactKey: Guid(bc7d8b22ec2c67a45a0d8d3fc9bad22e) Importer(815301076,1909f56bfc062723c751e8b465ee728b)
Start importing Assets/Low-Poly_Objects_Pack/Prefabs/Built-in/symbol_+.prefab using Guid(bc7d8b22ec2c67a45a0d8d3fc9bad22e) Importer(815301076,1909f56bfc062723c751e8b465ee728b) (PreviewImporter) -> (artifact id: '15365531f302b06a9a72980d6a371887') in 0.0202057 seconds
Number of updated asset objects reloaded before import = 0Number of asset objects unloaded after import = 15

========================================================================
Received Import Request.
  Time since last request: 0.000027 seconds.
  path: Assets/Low-Poly_Objects_Pack/Prefabs/Built-in/idol.prefab
  artifactKey: Guid(c4a7e1d8951b047428e72214d162df16) Importer(815301076,1909f56bfc062723c751e8b465ee728b)
Start importing Assets/Low-Poly_Objects_Pack/Prefabs/Built-in/idol.prefab using Guid(c4a7e1d8951b047428e72214d162df16) Importer(815301076,1909f56bfc062723c751e8b465ee728b) (PreviewImporter) -> (artifact id: 'a0def2c98f864fa0e1dff6eac0d761c8') in 0.0201648 seconds
Number of updated asset objects reloaded before import = 0Number of asset objects unloaded after import = 16

========================================================================
Received Import Request.
  Time since last request: 0.000026 seconds.
  path: Assets/Low-Poly_Objects_Pack/Prefabs/Built-in/Colliders_box.prefab
  artifactKey: Guid(9f4ee2e9af1e09745b5a33ea29d6f493) Importer(815301076,1909f56bfc062723c751e8b465ee728b)
Start importing Assets/Low-Poly_Objects_Pack/Prefabs/Built-in/Colliders_box.prefab using Guid(9f4ee2e9af1e09745b5a33ea29d6f493) Importer(815301076,1909f56bfc062723c751e8b465ee728b) (PreviewImporter) -> (artifact id: '860d7cd21e9b446fe29c7f55db66fb92') in 0.0588022 seconds
Number of updated asset objects reloaded before import = 0Number of asset objects unloaded after import = 36

========================================================================
Received Import Request.
  Time since last request: 0.000033 seconds.
  path: Assets/Low-Poly_Objects_Pack/Prefabs/Built-in/pot.prefab
  artifactKey: Guid(3f8462c17d3ea8d488c157699eba4eb0) Importer(815301076,1909f56bfc062723c751e8b465ee728b)
Start importing Assets/Low-Poly_Objects_Pack/Prefabs/Built-in/pot.prefab using Guid(3f8462c17d3ea8d488c157699eba4eb0) Importer(815301076,1909f56bfc062723c751e8b465ee728b) (PreviewImporter) -> (artifact id: 'e5e2d86a0aac90ab7d48cb5c6f53f61e') in 0.0209593 seconds
Number of updated asset objects reloaded before import = 0Number of asset objects unloaded after import = 16

========================================================================
Received Import Request.
  Time since last request: 0.000045 seconds.
  path: Assets/Low-Poly_Objects_Pack/Prefabs/Built-in/steering_wheel.prefab
  artifactKey: Guid(0d5fb734c1f41e44eb0335fd8749a18f) Importer(815301076,1909f56bfc062723c751e8b465ee728b)
Start importing Assets/Low-Poly_Objects_Pack/Prefabs/Built-in/steering_wheel.prefab using Guid(0d5fb734c1f41e44eb0335fd8749a18f) Importer(815301076,1909f56bfc062723c751e8b465ee728b) (PreviewImporter) -> (artifact id: 'e91153e6039d6b95a9888c7768f233e8') in 0.0217884 seconds
Number of updated asset objects reloaded before import = 0Number of asset objects unloaded after import = 15

========================================================================
Received Import Request.
  Time since last request: 1.578288 seconds.
  path: Assets/Low-Poly_Objects_Pack/Models/baby_rake.fbx
  artifactKey: Guid(55debf1aaee26d645b62a99362e8dc5f) Importer(815301076,1909f56bfc062723c751e8b465ee728b)
Start importing Assets/Low-Poly_Objects_Pack/Models/baby_rake.fbx using Guid(55debf1aaee26d645b62a99362e8dc5f) Importer(815301076,1909f56bfc062723c751e8b465ee728b) (PreviewImporter) -> (artifact id: '9cf09db7d8e964cce5ebdaec84c3e8df') in 0.1916504 seconds
Number of updated asset objects reloaded before import = 0Number of asset objects unloaded after import = 7

========================================================================
Received Import Request.
  Time since last request: 0.000033 seconds.
  path: Assets/Low-Poly_Objects_Pack/Models/tape.fbx
  artifactKey: Guid(b2215793b7a660c4c89aa55d2691c8b6) Importer(815301076,1909f56bfc062723c751e8b465ee728b)
Start importing Assets/Low-Poly_Objects_Pack/Models/tape.fbx using Guid(b2215793b7a660c4c89aa55d2691c8b6) Importer(815301076,1909f56bfc062723c751e8b465ee728b) (PreviewImporter) -> (artifact id: 'adfd568a27ff5ba97bc935b36b0e88b4') in 0.0234493 seconds
Number of updated asset objects reloaded before import = 0Number of asset objects unloaded after import = 7

========================================================================
Received Import Request.
  Time since last request: 0.000038 seconds.
  path: Assets/Low-Poly_Objects_Pack/Models/smiley.fbx
  artifactKey: Guid(a89df89efd190d849837de078bc6c4f9) Importer(815301076,1909f56bfc062723c751e8b465ee728b)
Start importing Assets/Low-Poly_Objects_Pack/Models/smiley.fbx using Guid(a89df89efd190d849837de078bc6c4f9) Importer(815301076,1909f56bfc062723c751e8b465ee728b) (PreviewImporter) -> (artifact id: '1d0cc73358c81163a0c8e0a8494b6295') in 0.0288304 seconds
Number of updated asset objects reloaded before import = 0Number of asset objects unloaded after import = 7

========================================================================
Received Import Request.
  Time since last request: 0.000023 seconds.
  path: Assets/Low-Poly_Objects_Pack/Models/tower_ruler.fbx
  artifactKey: Guid(9e732e0b6de70a9479dd6921ef1cf25c) Importer(815301076,1909f56bfc062723c751e8b465ee728b)
Start importing Assets/Low-Poly_Objects_Pack/Models/tower_ruler.fbx using Guid(9e732e0b6de70a9479dd6921ef1cf25c) Importer(815301076,1909f56bfc062723c751e8b465ee728b) (PreviewImporter) -> (artifact id: '0a2c5b10ce5c6d73a87b032cbcd83d60') in 0.0260283 seconds
Number of updated asset objects reloaded before import = 0Number of asset objects unloaded after import = 7

========================================================================
Received Import Request.
  Time since last request: 0.000025 seconds.
  path: Assets/Low-Poly_Objects_Pack/Models/wheel.fbx
  artifactKey: Guid(e1487291aad796342832877ee6847595) Importer(815301076,1909f56bfc062723c751e8b465ee728b)
Start importing Assets/Low-Poly_Objects_Pack/Models/wheel.fbx using Guid(e1487291aad796342832877ee6847595) Importer(815301076,1909f56bfc062723c751e8b465ee728b) (PreviewImporter) -> (artifact id: 'd6484dab1a029cb572c3a70bac03a822') in 0.0272308 seconds
Number of updated asset objects reloaded before import = 0Number of asset objects unloaded after import = 7

========================================================================
Received Import Request.
  Time since last request: 0.000025 seconds.
  path: Assets/Low-Poly_Objects_Pack/Models/bowl.fbx
  artifactKey: Guid(5c0ec5662248a3648b9749f68fee7c3b) Importer(815301076,1909f56bfc062723c751e8b465ee728b)
Start importing Assets/Low-Poly_Objects_Pack/Models/bowl.fbx using Guid(5c0ec5662248a3648b9749f68fee7c3b) Importer(815301076,1909f56bfc062723c751e8b465ee728b) (PreviewImporter) -> (artifact id: 'b85111d326b34f0cf3298b723de57bb6') in 0.0247683 seconds
Number of updated asset objects reloaded before import = 0Number of asset objects unloaded after import = 7

========================================================================
Received Import Request.
  Time since last request: 0.000025 seconds.
  path: Assets/Low-Poly_Objects_Pack/Models/watering_can.fbx
  artifactKey: Guid(4d1f0aeb92e35934999f7e09fd2ab20e) Importer(815301076,1909f56bfc062723c751e8b465ee728b)
Start importing Assets/Low-Poly_Objects_Pack/Models/watering_can.fbx using Guid(4d1f0aeb92e35934999f7e09fd2ab20e) Importer(815301076,1909f56bfc062723c751e8b465ee728b) (PreviewImporter) -> (artifact id: '23110a9ca0584027a43d0a2ae2828eb5') in 0.0233259 seconds
Number of updated asset objects reloaded before import = 0Number of asset objects unloaded after import = 7

========================================================================
Received Import Request.
  Time since last request: 0.000028 seconds.
  path: Assets/Low-Poly_Objects_Pack/Models/crown.fbx
  artifactKey: Guid(dd447a578fcc7924dab1bb4a0799fc27) Importer(815301076,1909f56bfc062723c751e8b465ee728b)
Start importing Assets/Low-Poly_Objects_Pack/Models/crown.fbx using Guid(dd447a578fcc7924dab1bb4a0799fc27) Importer(815301076,1909f56bfc062723c751e8b465ee728b) (PreviewImporter) -> (artifact id: '7f6fe8efb36686f5cf945a62d97abbfa') in 0.0254809 seconds
Number of updated asset objects reloaded before import = 0Number of asset objects unloaded after import = 7

========================================================================
Received Import Request.
  Time since last request: 3.578119 seconds.
  path: Assets/Low-Poly_Objects_Pack/Models/Colliders
  artifactKey: Guid(023d4854d7e3f66428fead2f86374f92) Importer(815301076,1909f56bfc062723c751e8b465ee728b)
Start importing Assets/Low-Poly_Objects_Pack/Models/Colliders using Guid(023d4854d7e3f66428fead2f86374f92) Importer(815301076,1909f56bfc062723c751e8b465ee728b) (PreviewImporter) -> (artifact id: '834e0921dcbf8fca0f6ff975fd6fb378') in 0.0005635 seconds
Number of updated asset objects reloaded before import = 0Number of asset objects unloaded after import = 0

========================================================================
Received Import Request.
  Time since last request: 0.352705 seconds.
  path: Assets/Low-Poly_Objects_Pack/Models/Colliders/baby_rake_collider.fbx
  artifactKey: Guid(0893daa8b09157846badea71b5bb7ff8) Importer(815301076,1909f56bfc062723c751e8b465ee728b)
Start importing Assets/Low-Poly_Objects_Pack/Models/Colliders/baby_rake_collider.fbx using Guid(0893daa8b09157846badea71b5bb7ff8) Importer(815301076,1909f56bfc062723c751e8b465ee728b) (PreviewImporter) -> (artifact id: 'fded0ef841f7aa5a4cdeb65716653bed') in 0.0282203 seconds
Number of updated asset objects reloaded before import = 0Number of asset objects unloaded after import = 7

========================================================================
Received Import Request.
  Time since last request: 0.000025 seconds.
  path: Assets/Low-Poly_Objects_Pack/Models/Colliders/wheel_collider.fbx
  artifactKey: Guid(46785ffcb1e2c75468ee3660a964c19a) Importer(815301076,1909f56bfc062723c751e8b465ee728b)
Start importing Assets/Low-Poly_Objects_Pack/Models/Colliders/wheel_collider.fbx using Guid(46785ffcb1e2c75468ee3660a964c19a) Importer(815301076,1909f56bfc062723c751e8b465ee728b) (PreviewImporter) -> (artifact id: '8e9a090477b3768ae2639538729adbde') in 0.0374275 seconds
Number of updated asset objects reloaded before import = 0Number of asset objects unloaded after import = 7

========================================================================
Received Import Request.
  Time since last request: 0.000020 seconds.
  path: Assets/Low-Poly_Objects_Pack/Models/Colliders/crown_collider.fbx
  artifactKey: Guid(f59d81d526d939545b4476a2eb0021d2) Importer(815301076,1909f56bfc062723c751e8b465ee728b)
Start importing Assets/Low-Poly_Objects_Pack/Models/Colliders/crown_collider.fbx using Guid(f59d81d526d939545b4476a2eb0021d2) Importer(815301076,1909f56bfc062723c751e8b465ee728b) (PreviewImporter) -> (artifact id: '1f1ebc2cc42312c32b42778cbc0881c5') in 0.0322108 seconds
Number of updated asset objects reloaded before import = 0Number of asset objects unloaded after import = 7

========================================================================
Received Import Request.
  Time since last request: 0.000028 seconds.
  path: Assets/Low-Poly_Objects_Pack/Models/Colliders/tape_collider.fbx
  artifactKey: Guid(c3a4700529ea9fb4eacd9b324876aa1b) Importer(815301076,1909f56bfc062723c751e8b465ee728b)
Start importing Assets/Low-Poly_Objects_Pack/Models/Colliders/tape_collider.fbx using Guid(c3a4700529ea9fb4eacd9b324876aa1b) Importer(815301076,1909f56bfc062723c751e8b465ee728b) (PreviewImporter) -> (artifact id: '036f97f5a946b12a15bca4de79d6a471') in 0.0303823 seconds
Number of updated asset objects reloaded before import = 0Number of asset objects unloaded after import = 7

========================================================================
Received Import Request.
  Time since last request: 0.000035 seconds.
  path: Assets/Low-Poly_Objects_Pack/Models/Colliders/diver's_mask_collider.fbx
  artifactKey: Guid(44f580ae5462d3c4891b5b3b07373d8b) Importer(815301076,1909f56bfc062723c751e8b465ee728b)
Start importing Assets/Low-Poly_Objects_Pack/Models/Colliders/diver's_mask_collider.fbx using Guid(44f580ae5462d3c4891b5b3b07373d8b) Importer(815301076,1909f56bfc062723c751e8b465ee728b) (PreviewImporter) -> (artifact id: 'a82d9a04e801ba9e506b62a0663f5b26') in 0.0340508 seconds
Number of updated asset objects reloaded before import = 0Number of asset objects unloaded after import = 7

Editor requested this worker to shutdown with reason: Scaling down because of idle timeout
AssetImportWorker is now disconnected from the server
Process exiting
Exiting without the bug reporter. Application will terminate with return code 0